hanith covid/app/build/outputs/logs/manifest-merger-debug-report.txt
-- Merging decision tree log ---
manifest
ADDED from src/main/AndroidManifest.xml:2:1-33:12
INJECTED from src/main/AndroidManifest.xml:2:1-33:12
INJECTED from src/main/AndroidManifest.xml:2:1-33:12
INJECTED from src/main/AndroidManifest.xml:2:1-33:12
MERGED from [androidx.multidex:multidex:2.0.0] AndroidManifest.xml:17:1-22:12
MERGED from [com.google.android.material:material:1.2.1] AndroidManifest.xml:17:1-24:12
MERGED from [androidx.constraintlayout:constraintlayout:2.0.4] AndroidManifest.xml:2:1-11:12
MERGED from [androidx.appcompat:appcompat:1.2.0] AndroidManifest.xml:17:1-24:12
MERGED from [org.tensorflow:tensorflow-lite-support:0.0.0-nightly] AndroidManifest.xml:2:1-5:12
MERGED from [org.tensorflow:tensorflow-lite:0.0.0-nightly] AndroidManifest.xml:2:1-12:12
MERGED from [org.tensorflow:tensorflow-lite-gpu:0.0.0-nightly] AndroidManifest.xml:2:1-12:12
MERGED from [androidx.cursoradapter:cursoradapter:1.0.0] AndroidManifest.xml:17:1-22:12
MERGED from [androidx.viewpager2:viewpager2:1.0.0] AndroidManifest.xml:17:1-24:12
MERGED from [androidx.fragment:fragment:1.1.0] AndroidManifest.xml:17:1-24:12
MERGED from [androidx.appcompat:appcompat-resources:1.2.0] AndroidManifest.xml:17:1-24:12
MERGED from [androidx.drawerlayout:drawerlayout:1.0.0] AndroidManifest.xml:17:1-22:12
MERGED from [androidx.cardview:cardview:1.0.0] AndroidManifest.xml:17:1-22:12
MERGED from [androidx.coordinatorlayout:coordinatorlayout:1.1.0] AndroidManifest.xml:17:1-24:12
MERGED from [androidx.transition:transition:1.2.0] AndroidManifest.xml:17:1-24:12
MERGED from [androidx.vectordrawable:vectordrawable-animated:1.1.0] AndroidManifest.xml:17:1-24:12
MERGED from [androidx.vectordrawable:vectordrawable:1.1.0] AndroidManifest.xml:17:1-24:12
MERGED from [androidx.viewpager:viewpager:1.0.0] AndroidManifest.xml:17:1-22:12
MERGED from [androidx.loader:loader:1.0.0] AndroidManifest.xml:17:1-22:12
MERGED from [androidx.activity:activity:1.0.0] AndroidManifest.xml:17:1-24:12
MERGED from [androidx.recyclerview:recyclerview:1.1.0] AndroidManifest.xml:17:1-24:12
MERGED from [androidx.customview:customview:1.0.0] AndroidManifest.xml:17:1-22:12
MERGED from [androidx.core:core:1.3.1] AndroidManifest.xml:17:1-26:12
MERGED from [androidx.versionedparcelable:versionedparcelable:1.1.0] AndroidManifest.xml:17:1-27:12
MERGED from [androidx.lifecycle:lifecycle-runtime:2.1.0] AndroidManifest.xml:17:1-22:12
MERGED from [androidx.lifecycle:lifecycle-viewmodel:2.1.0] AndroidManifest.xml:17:1-22:12
MERGED from [androidx.savedstate:savedstate:1.0.0] AndroidManifest.xml:17:1-24:12
MERGED from [androidx.interpolator:interpolator:1.0.0] AndroidManifest.xml:17:1-22:12
MERGED from [androidx.lifecycle:lifecycle-livedata:2.0.0] AndroidManifest.xml:17:1-22:12
MERGED from [androidx.lifecycle:lifecycle-livedata-core:2.0.0] AndroidManifest.xml:17:1-22:12
MERGED from [androidx.arch.core:core-runtime:2.0.0] AndroidManifest.xml:17:1-22:12
MERGED from [androidx.annotation:annotation-experimental:1.0.0] AndroidManifest.xml:17:1-24:12
INJECTED from src/main/AndroidManifest.xml:2:1-33:12
INJECTED from src/main/AndroidManifest.xml:2:1-33:12
INJECTED from src/main/AndroidManifest.xml:2:1-33:12
	package
		ADDED from src/main/AndroidManifest.xml:3:5-36
		INJECTED from src/main/AndroidManifest.xml
		INJECTED from src/main/AndroidManifest.xml
	android:versionName
		INJECTED from src/main/AndroidManifest.xml
		ADDED from src/main/AndroidManifest.xml:2:1-33:12
		INJECTED from src/main/AndroidManifest.xml
	android:versionCode
		INJECTED from src/main/AndroidManifest.xml
		ADDED from src/main/AndroidManifest.xml:2:1-33:12
		INJECTED from src/main/AndroidManifest.xml
	xmlns:android
		ADDED from src/main/AndroidManifest.xml:2:11-69
uses-permission#android.permission.CAMERA
ADDED from src/main/AndroidManifest.xml:6:5-65
	android:name
		ADDED from src/main/AndroidManifest.xml:6:22-62
uses-permission#android.permission.WRITE_EXTERNAL_STORAGE
ADDED from src/main/AndroidManifest.xml:7:5-81
	android:name
		ADDED from src/main/AndroidManifest.xml:7:22-78
uses-permission#android.permission.INTERNET
ADDED from src/main/AndroidManifest.xml:10:5-67
	android:name
		ADDED from src/main/AndroidManifest.xml:10:22-64
application
ADDED from src/main/AndroidManifest.xml:12:5-31:19
MERGED from [com.google.android.material:material:1.2.1] AndroidManifest.xml:22:5-20
MERGED from [com.google.android.material:material:1.2.1] AndroidManifest.xml:22:5-20
MERGED from [androidx.constraintlayout:constraintlayout:2.0.4] AndroidManifest.xml:9:5-20
MERGED from [androidx.constraintlayout:constraintlayout:2.0.4] AndroidManifest.xml:9:5-20
MERGED from [org.tensorflow:tensorflow-lite:0.0.0-nightly] AndroidManifest.xml:10:5-20
MERGED from [org.tensorflow:tensorflow-lite:0.0.0-nightly] AndroidManifest.xml:10:5-20
MERGED from [org.tensorflow:tensorflow-lite-gpu:0.0.0-nightly] AndroidManifest.xml:10:5-20
MERGED from [org.tensorflow:tensorflow-lite-gpu:0.0.0-nightly] AndroidManifest.xml:10:5-20
MERGED from [androidx.core:core:1.3.1] AndroidManifest.xml:24:5-89
MERGED from [androidx.core:core:1.3.1] AndroidManifest.xml:24:5-89
MERGED from [androidx.versionedparcelable:versionedparcelable:1.1.0] AndroidManifest.xml:24:5-25:19
MERGED from [androidx.versionedparcelable:versionedparcelable:1.1.0] AndroidManifest.xml:24:5-25:19
	android:appComponentFactory
		ADDED from [androidx.core:core:1.3.1] AndroidManifest.xml:24:18-86
	android:supportsRtl
		ADDED from src/main/AndroidManifest.xml:17:9-35
	android:label
		ADDED from src/main/AndroidManifest.xml:15:9-36
	android:roundIcon
		ADDED from src/main/AndroidManifest.xml:16:9-54
	android:icon
		ADDED from src/main/AndroidManifest.xml:14:9-43
	android:allowBackup
		ADDED from src/main/AndroidManifest.xml:13:9-35
	android:theme
		ADDED from src/main/AndroidManifest.xml:18:9-48
activity#com.noured.covid19kit.BotActivity
ADDED from src/main/AndroidManifest.xml:19:9-49
	android:name
		ADDED from src/main/AndroidManifest.xml:19:19-46
activity#com.noured.covid19kit.ContactActivity
ADDED from src/main/AndroidManifest.xml:20:9-53
	android:name
		ADDED from src/main/AndroidManifest.xml:20:19-50
activity#com.noured.covid19kit.TransitionActivity
ADDED from src/main/AndroidManifest.xml:21:9-56
	android:name
		ADDED from src/main/AndroidManifest.xml:21:19-53
activity#com.noured.covid19kit.CameraPredictionActivity
ADDED from src/main/AndroidManifest.xml:22:9-62
	android:name
		ADDED from src/main/AndroidManifest.xml:22:19-59
activity#com.noured.covid19kit.GalleryPredictionActivity
ADDED from src/main/AndroidManifest.xml:23:9-63
	android:name
		ADDED from src/main/AndroidManifest.xml:23:19-60
activity#com.noured.covid19kit.MainActivity
ADDED from src/main/AndroidManifest.xml:24:9-30:20
	android:name
		ADDED from src/main/AndroidManifest.xml:24:19-47
intent-filter#action:name:android.intent.action.MAIN+category:name:android.intent.category.LAUNCHER
ADDED from src/main/AndroidManifest.xml:25:13-29:29
action#android.intent.action.MAIN
ADDED from src/main/AndroidManifest.xml:26:17-69
	android:name
		ADDED from src/main/AndroidManifest.xml:26:25-66
category#android.intent.category.LAUNCHER
ADDED from src/main/AndroidManifest.xml:28:17-77
	android:name
		ADDED from src/main/AndroidManifest.xml:28:27-74
uses-sdk
INJECTED from src/main/AndroidManifest.xml reason: use-sdk injection requested
INJECTED from src/main/AndroidManifest.xml
INJECTED from src/main/AndroidManifest.xml
MERGED from [androidx.multidex:multidex:2.0.0] AndroidManifest.xml:20:5-43
MERGED from [androidx.multidex:multidex:2.0.0] AndroidManifest.xml:20:5-43
MERGED from [com.google.android.material:material:1.2.1] AndroidManifest.xml:20:5-44
MERGED from [com.google.android.material:material:1.2.1] AndroidManifest.xml:20:5-44
MERGED from [androidx.constraintlayout:constraintlayout:2.0.4] AndroidManifest.xml:5:5-7:41
MERGED from [androidx.constraintlayout:constraintlayout:2.0.4] AndroidManifest.xml:5:5-7:41
MERGED from [androidx.appcompat:appcompat:1.2.0] AndroidManifest.xml:20:5-22:41
MERGED from [androidx.appcompat:appcompat:1.2.0] AndroidManifest.xml:20:5-22:41
MERGED from [org.tensorflow:tensorflow-lite-support:0.0.0-nightly] AndroidManifest.xml:4:3-71
MERGED from [org.tensorflow:tensorflow-lite-support:0.0.0-nightly] AndroidManifest.xml:4:3-71
MERGED from [org.tensorflow:tensorflow-lite:0.0.0-nightly] AndroidManifest.xml:7:5-8:41
MERGED from [org.tensorflow:tensorflow-lite:0.0.0-nightly] AndroidManifest.xml:7:5-8:41
MERGED from [org.tensorflow:tensorflow-lite-gpu:0.0.0-nightly] AndroidManifest.xml:7:5-8:41
MERGED from [org.tensorflow:tensorflow-lite-gpu:0.0.0-nightly] AndroidManifest.xml:7:5-8:41
MERGED from [androidx.cursoradapter:cursoradapter:1.0.0] AndroidManifest.xml:20:5-44
MERGED from [androidx.cursoradapter:cursoradapter:1.0.0] AndroidManifest.xml:20:5-44
MERGED from [androidx.viewpager2:viewpager2:1.0.0] AndroidManifest.xml:20:5-22:41
MERGED from [androidx.viewpager2:viewpager2:1.0.0] AndroidManifest.xml:20:5-22:41
MERGED from [androidx.fragment:fragment:1.1.0] AndroidManifest.xml:20:5-22:41
MERGED from [androidx.fragment:fragment:1.1.0] AndroidManifest.xml:20:5-22:41
MERGED from [androidx.appcompat:appcompat-resources:1.2.0] AndroidManifest.xml:20:5-22:41
MERGED from [androidx.appcompat:appcompat-resources:1.2.0] AndroidManifest.xml:20:5-22:41
MERGED from [androidx.drawerlayout:drawerlayout:1.0.0] AndroidManifest.xml:20:5-44
MERGED from [androidx.drawerlayout:drawerlayout:1.0.0] AndroidManifest.xml:20:5-44
MERGED from [androidx.cardview:cardview:1.0.0] AndroidManifest.xml:20:5-44
MERGED from [androidx.cardview:cardview:1.0.0] AndroidManifest.xml:20:5-44
MERGED from [androidx.coordinatorlayout:coordinatorlayout:1.1.0] AndroidManifest.xml:20:5-22:41
MERGED from [androidx.coordinatorlayout:coordinatorlayout:1.1.0] AndroidManifest.xml:20:5-22:41
MERGED from [androidx.transition:transition:1.2.0] AndroidManifest.xml:20:5-22:41
MERGED from [androidx.transition:transition:1.2.0] AndroidManifest.xml:20:5-22:41
MERGED from [androidx.vectordrawable:vectordrawable-animated:1.1.0] AndroidManifest.xml:20:5-22:41
MERGED from [androidx.vectordrawable:vectordrawable-animated:1.1.0] AndroidManifest.xml:20:5-22:41
MERGED from [androidx.vectordrawable:vectordrawable:1.1.0] AndroidManifest.xml:20:5-22:41
MERGED from [androidx.vectordrawable:vectordrawable:1.1.0] AndroidManifest.xml:20:5-22:41
MERGED from [androidx.viewpager:viewpager:1.0.0] AndroidManifest.xml:20:5-44
MERGED from [androidx.viewpager:viewpager:1.0.0] AndroidManifest.xml:20:5-44
MERGED from [androidx.loader:loader:1.0.0] AndroidManifest.xml:20:5-44
MERGED from [androidx.loader:loader:1.0.0] AndroidManifest.xml:20:5-44
MERGED from [androidx.activity:activity:1.0.0] AndroidManifest.xml:20:5-22:41
MERGED from [androidx.activity:activity:1.0.0] AndroidManifest.xml:20:5-22:41
MERGED from [androidx.recyclerview:recyclerview:1.1.0] AndroidManifest.xml:20:5-22:41
MERGED from [androidx.recyclerview:recyclerview:1.1.0] AndroidManifest.xml:20:5-22:41
MERGED from [androidx.customview:customview:1.0.0] AndroidManifest.xml:20:5-44
MERGED from [androidx.customview:customview:1.0.0] AndroidManifest.xml:20:5-44
MERGED from [androidx.core:core:1.3.1] AndroidManifest.xml:20:5-22:41
MERGED from [androidx.core:core:1.3.1] AndroidManifest.xml:20:5-22:41
MERGED from [androidx.versionedparcelable:versionedparcelable:1.1.0] AndroidManifest.xml:20:5-22:41
MERGED from [androidx.versionedparcelable:versionedparcelable:1.1.0] AndroidManifest.xml:20:5-22:41
MERGED from [androidx.lifecycle:lifecycle-runtime:2.1.0] AndroidManifest.xml:20:5-44
MERGED from [androidx.lifecycle:lifecycle-runtime:2.1.0] AndroidManifest.xml:20:5-44
MERGED from [androidx.lifecycle:lifecycle-viewmodel:2.1.0] AndroidManifest.xml:20:5-44
MERGED from [androidx.lifecycle:lifecycle-viewmodel:2.1.0] AndroidManifest.xml:20:5-44
MERGED from [androidx.savedstate:savedstate:1.0.0] AndroidManifest.xml:20:5-22:41
MERGED from [androidx.savedstate:savedstate:1.0.0] AndroidManifest.xml:20:5-22:41
MERGED from [androidx.interpolator:interpolator:1.0.0] AndroidManifest.xml:20:5-44
MERGED from [androidx.interpolator:interpolator:1.0.0] AndroidManifest.xml:20:5-44
MERGED from [androidx.lifecycle:lifecycle-livedata:2.0.0] AndroidManifest.xml:20:5-44
MERGED from [androidx.lifecycle:lifecycle-livedata:2.0.0] AndroidManifest.xml:20:5-44
MERGED from [androidx.lifecycle:lifecycle-livedata-core:2.0.0] AndroidManifest.xml:20:5-44
MERGED from [androidx.lifecycle:lifecycle-livedata-core:2.0.0] AndroidManifest.xml:20:5-44
MERGED from [androidx.arch.core:core-runtime:2.0.0] AndroidManifest.xml:20:5-44
MERGED from [androidx.arch.core:core-runtime:2.0.0] AndroidManifest.xml:20:5-44
MERGED from [androidx.annotation:annotation-experimental:1.0.0] AndroidManifest.xml:20:5-22:41
MERGED from [androidx.annotation:annotation-experimental:1.0.0] AndroidManifest.xml:20:5-22:41
INJECTED from src/main/AndroidManifest.xml
INJECTED from src/main/AndroidManifest.xml
	android:targetSdkVersion
		INJECTED from src/main/AndroidManifest.xml
		ADDED from src/main/AndroidManifest.xml
		INJECTED from src/main/AndroidManifest.xml
	android:minSdkVersion
		INJECTED from src/main/AndroidManifest.xml
		ADDED from src/main/AndroidManifest.xml
		MERGED from src/main/AndroidManifest.xml
		MERGED from src/main/AndroidManifest.xml
		INJECTED from src/main/AndroidManifest.xml